Copyright 1986-2022 Xilinx, Inc. All Rights Reserved. Copyright 2022-2025 Advanced Micro Devices, Inc. All Rights Reserved.
----------------------------------------------------------------------------------------------------------------------------------------------------------------------------------------------------------
| Tool Version : Vivado v.2024.2.2 (lin64) Build 6060944 Thu Mar 06 19:10:09 MST 2025
| Date         : Thu May 14 05:49:09 2026
| Host         : EDA02.R760 running 64-bit CentOS Linux release 7.9.2009 (Core)
| Command      : report_utilization -hierarchical -hierarchical_depth 5 -file /data/home/rn_xu29/Projects/YOLO-On-FPGA/EdgeYOLO-FPGA/build/dcim_array_chip/ImplOutputDir/post_route_area_hierarchical.rpt
| Design       : dcim_array_chip_wrapper
| Device       : xcvu37p-fsvh2892-2L-e
| Speed File   : -2L
| Design State : Routed
----------------------------------------------------------------------------------------------------------------------------------------------------------------------------------------------------------

Utilization Design Information

Table of Contents
-----------------
1. Utilization by Hierarchy

1. Utilization by Hierarchy
---------------------------

+-----------------------------------------------------------------+-------------------------------------------------------------------------------------------------+------------+------------+---------+------+--------+--------+--------+------+------------+
|                             Instance                            |                                              Module                                             | Total LUTs | Logic LUTs | LUTRAMs | SRLs |   FFs  | RAMB36 | RAMB18 | URAM | DSP Blocks |
+-----------------------------------------------------------------+-------------------------------------------------------------------------------------------------+------------+------------+---------+------+--------+--------+--------+------+------------+
| dcim_array_chip_wrapper                                         |                                                                                           (top) |     555871 |     551124 |    4525 |  222 | 324963 |    234 |      0 |  128 |       7872 |
|   (dcim_array_chip_wrapper)                                     |                                                                                           (top) |          0 |          0 |       0 |    0 |      0 |      0 |      0 |    0 |          0 |
|   dcim_array_chip_i                                             |                                                                                 dcim_array_chip |     555871 |     551124 |    4525 |  222 | 324963 |    234 |      0 |  128 |       7872 |
|     (dcim_array_chip_i)                                         |                                                                                 dcim_array_chip |          0 |          0 |       0 |    0 |      0 |      0 |      0 |    0 |          0 |
|     axi_buf_ic                                                  |                                                                    dcim_array_chip_axi_buf_ic_0 |      18557 |      17848 |     704 |    5 |  21676 |      0 |      0 |    0 |          0 |
|       m00_couplers                                              |                                                                        m00_couplers_imp_15KPKWO |        786 |        742 |      44 |    0 |    754 |      0 |      0 |    0 |          0 |
|         auto_ds                                                 |                                                        dcim_array_chip_axi_buf_ic_imp_auto_ds_0 |        786 |        742 |      44 |    0 |    754 |      0 |      0 |    0 |          0 |
|           inst                                                  |                       dcim_array_chip_axi_buf_ic_imp_auto_ds_0_axi_dwidth_converter_v2_1_35_top |        786 |        742 |      44 |    0 |    754 |      0 |      0 |    0 |          0 |
|       m01_couplers                                              |                                                                         m01_couplers_imp_DF2LUE |        785 |        741 |      44 |    0 |    754 |      0 |      0 |    0 |          0 |
|         auto_ds                                                 |                                                        dcim_array_chip_axi_buf_ic_imp_auto_ds_1 |        785 |        741 |      44 |    0 |    754 |      0 |      0 |    0 |          0 |
|           inst                                                  |                       dcim_array_chip_axi_buf_ic_imp_auto_ds_1_axi_dwidth_converter_v2_1_35_top |        785 |        741 |      44 |    0 |    754 |      0 |      0 |    0 |          0 |
|       m02_couplers                                              |                                                                         m02_couplers_imp_1KUTDX |        786 |        742 |      44 |    0 |    754 |      0 |      0 |    0 |          0 |
|         auto_ds                                                 |                                                        dcim_array_chip_axi_buf_ic_imp_auto_ds_2 |        786 |        742 |      44 |    0 |    754 |      0 |      0 |    0 |          0 |
|           inst                                                  |                       dcim_array_chip_axi_buf_ic_imp_auto_ds_2_axi_dwidth_converter_v2_1_35_top |        786 |        742 |      44 |    0 |    754 |      0 |      0 |    0 |          0 |
|       m03_couplers                                              |                                                                        m03_couplers_imp_18GHIKR |        786 |        742 |      44 |    0 |    754 |      0 |      0 |    0 |          0 |
|         auto_ds                                                 |                                                        dcim_array_chip_axi_buf_ic_imp_auto_ds_3 |        786 |        742 |      44 |    0 |    754 |      0 |      0 |    0 |          0 |
|           inst                                                  |                       dcim_array_chip_axi_buf_ic_imp_auto_ds_3_axi_dwidth_converter_v2_1_35_top |        786 |        742 |      44 |    0 |    754 |      0 |      0 |    0 |          0 |
|       m04_couplers                                              |                                                                         m04_couplers_imp_UMWLWJ |        788 |        744 |      44 |    0 |    754 |      0 |      0 |    0 |          0 |
|         auto_ds                                                 |                                                        dcim_array_chip_axi_buf_ic_imp_auto_ds_4 |        788 |        744 |      44 |    0 |    754 |      0 |      0 |    0 |          0 |
|           inst                                                  |                       dcim_array_chip_axi_buf_ic_imp_auto_ds_4_axi_dwidth_converter_v2_1_35_top |        788 |        744 |      44 |    0 |    754 |      0 |      0 |    0 |          0 |
|       m05_couplers                                              |                                                                        m05_couplers_imp_1KKISJ1 |        786 |        742 |      44 |    0 |    754 |      0 |      0 |    0 |          0 |
|         auto_ds                                                 |                                                        dcim_array_chip_axi_buf_ic_imp_auto_ds_5 |        786 |        742 |      44 |    0 |    754 |      0 |      0 |    0 |          0 |
|           inst                                                  |                       dcim_array_chip_axi_buf_ic_imp_auto_ds_5_axi_dwidth_converter_v2_1_35_top |        786 |        742 |      44 |    0 |    754 |      0 |      0 |    0 |          0 |
|       m06_couplers                                              |                                                                        m06_couplers_imp_1YHM9J2 |        789 |        745 |      44 |    0 |    754 |      0 |      0 |    0 |          0 |
|         auto_ds                                                 |                                                        dcim_array_chip_axi_buf_ic_imp_auto_ds_6 |        789 |        745 |      44 |    0 |    754 |      0 |      0 |    0 |          0 |
|           inst                                                  |                       dcim_array_chip_axi_buf_ic_imp_auto_ds_6_axi_dwidth_converter_v2_1_35_top |        789 |        745 |      44 |    0 |    754 |      0 |      0 |    0 |          0 |
|       m07_couplers                                              |                                                                         m07_couplers_imp_PEA0FK |        786 |        742 |      44 |    0 |    754 |      0 |      0 |    0 |          0 |
|         auto_ds                                                 |                                                        dcim_array_chip_axi_buf_ic_imp_auto_ds_7 |        786 |        742 |      44 |    0 |    754 |      0 |      0 |    0 |          0 |
|           inst                                                  |                       dcim_array_chip_axi_buf_ic_imp_auto_ds_7_axi_dwidth_converter_v2_1_35_top |        786 |        742 |      44 |    0 |    754 |      0 |      0 |    0 |          0 |
|       m08_couplers                                              |                                                                        m08_couplers_imp_1FKIRVZ |        784 |        740 |      44 |    0 |    754 |      0 |      0 |    0 |          0 |
|         auto_ds                                                 |                                                        dcim_array_chip_axi_buf_ic_imp_auto_ds_8 |        784 |        740 |      44 |    0 |    754 |      0 |      0 |    0 |          0 |
|           inst                                                  |                       dcim_array_chip_axi_buf_ic_imp_auto_ds_8_axi_dwidth_converter_v2_1_35_top |        784 |        740 |      44 |    0 |    754 |      0 |      0 |    0 |          0 |
|       m09_couplers                                              |                                                                         m09_couplers_imp_7V2WTD |        785 |        741 |      44 |    0 |    754 |      0 |      0 |    0 |          0 |
|         auto_ds                                                 |                                                        dcim_array_chip_axi_buf_ic_imp_auto_ds_9 |        785 |        741 |      44 |    0 |    754 |      0 |      0 |    0 |          0 |
|           inst                                                  |                       dcim_array_chip_axi_buf_ic_imp_auto_ds_9_axi_dwidth_converter_v2_1_35_top |        785 |        741 |      44 |    0 |    754 |      0 |      0 |    0 |          0 |
|       m10_couplers                                              |                                                                         m10_couplers_imp_VUMDN3 |        784 |        740 |      44 |    0 |    754 |      0 |      0 |    0 |          0 |
|         auto_ds                                                 |                                                       dcim_array_chip_axi_buf_ic_imp_auto_ds_10 |        784 |        740 |      44 |    0 |    754 |      0 |      0 |    0 |          0 |
|           inst                                                  |                      dcim_array_chip_axi_buf_ic_imp_auto_ds_10_axi_dwidth_converter_v2_1_35_top |        784 |        740 |      44 |    0 |    754 |      0 |      0 |    0 |          0 |
|       m11_couplers                                              |                                                                        m11_couplers_imp_1NQ4BCX |        784 |        740 |      44 |    0 |    754 |      0 |      0 |    0 |          0 |
|         auto_ds                                                 |                                                       dcim_array_chip_axi_buf_ic_imp_auto_ds_11 |        784 |        740 |      44 |    0 |    754 |      0 |      0 |    0 |          0 |
|           inst                                                  |                      dcim_array_chip_axi_buf_ic_imp_auto_ds_11_axi_dwidth_converter_v2_1_35_top |        784 |        740 |      44 |    0 |    754 |      0 |      0 |    0 |          0 |
|       m12_couplers                                              |                                                                        m12_couplers_imp_1QW6MDU |        791 |        747 |      44 |    0 |    754 |      0 |      0 |    0 |          0 |
|         auto_ds                                                 |                                                       dcim_array_chip_axi_buf_ic_imp_auto_ds_12 |        791 |        747 |      44 |    0 |    754 |      0 |      0 |    0 |          0 |
|           inst                                                  |                      dcim_array_chip_axi_buf_ic_imp_auto_ds_12_axi_dwidth_converter_v2_1_35_top |        791 |        747 |      44 |    0 |    754 |      0 |      0 |    0 |          0 |
|       m13_couplers                                              |                                                                         m13_couplers_imp_JQQ4F0 |        789 |        745 |      44 |    0 |    754 |      0 |      0 |    0 |          0 |
|         auto_ds                                                 |                                                       dcim_array_chip_axi_buf_ic_imp_auto_ds_13 |        789 |        745 |      44 |    0 |    754 |      0 |      0 |    0 |          0 |
|           inst                                                  |                      dcim_array_chip_axi_buf_ic_imp_auto_ds_13_axi_dwidth_converter_v2_1_35_top |        789 |        745 |      44 |    0 |    754 |      0 |      0 |    0 |          0 |
|       m14_couplers                                              |                                                                        m14_couplers_imp_1254RQS |        785 |        741 |      44 |    0 |    754 |      0 |      0 |    0 |          0 |
|         auto_ds                                                 |                                                       dcim_array_chip_axi_buf_ic_imp_auto_ds_14 |        785 |        741 |      44 |    0 |    754 |      0 |      0 |    0 |          0 |
|           inst                                                  |                      dcim_array_chip_axi_buf_ic_imp_auto_ds_14_axi_dwidth_converter_v2_1_35_top |        785 |        741 |      44 |    0 |    754 |      0 |      0 |    0 |          0 |
|       m15_couplers                                              |                                                                         m15_couplers_imp_CHCQKA |        791 |        747 |      44 |    0 |    754 |      0 |      0 |    0 |          0 |
|         auto_ds                                                 |                                                       dcim_array_chip_axi_buf_ic_imp_auto_ds_15 |        791 |        747 |      44 |    0 |    754 |      0 |      0 |    0 |          0 |
|           inst                                                  |                      dcim_array_chip_axi_buf_ic_imp_auto_ds_15_axi_dwidth_converter_v2_1_35_top |        791 |        747 |      44 |    0 |    754 |      0 |      0 |    0 |          0 |
|       xbar                                                      |                                                           dcim_array_chip_axi_buf_ic_imp_xbar_0 |       6029 |       6024 |       0 |    5 |   9612 |      0 |      0 |    0 |          0 |
|         inst                                                    |                         dcim_array_chip_axi_buf_ic_imp_xbar_0_axi_crossbar_v2_1_36_axi_crossbar |       6029 |       6024 |       0 |    5 |   9612 |      0 |      0 |    0 |          0 |
|           gen_samd.crossbar_samd                                |                             dcim_array_chip_axi_buf_ic_imp_xbar_0_axi_crossbar_v2_1_36_crossbar |       6029 |       6024 |       0 |    5 |   9612 |      0 |      0 |    0 |          0 |
|     axi_cdma_0                                                  |                                                                    dcim_array_chip_axi_cdma_0_0 |       1819 |       1724 |       0 |   95 |   1841 |      0 |      0 |    0 |          0 |
|       (axi_cdma_0)                                              |                                                                    dcim_array_chip_axi_cdma_0_0 |          0 |          0 |       0 |    0 |      0 |      0 |      0 |    0 |          0 |
|       U0                                                        |                                                           dcim_array_chip_axi_cdma_0_0_axi_cdma |       1819 |       1724 |       0 |   95 |   1841 |      0 |      0 |    0 |          0 |
|         GEN_SIMPLE_MODE.I_SIMPLE_MODE_WRAP                      |                                               dcim_array_chip_axi_cdma_0_0_axi_cdma_simple_wrap |       1819 |       1724 |       0 |   95 |   1841 |      0 |      0 |    0 |          0 |
|           GEN_DM_FULL.I_DATAMOVER_FULL                          |                                                      dcim_array_chip_axi_cdma_0_0_axi_datamover |       1703 |       1608 |       0 |   95 |   1604 |      0 |      0 |    0 |          0 |
|           I_SIMPLE_DMA_CNTLR                                    |                                              dcim_array_chip_axi_cdma_0_0_axi_cdma_simple_cntlr |          8 |          8 |       0 |    0 |     18 |      0 |      0 |    0 |          0 |
|           I_SIMPLE_REG_MODULE                                   |                                                dcim_array_chip_axi_cdma_0_0_axi_cdma_reg_module |         89 |         89 |       0 |    0 |    181 |      0 |      0 |    0 |          0 |
|           I_SIMPLE_RST_MODULE                                   |                                                     dcim_array_chip_axi_cdma_0_0_axi_cdma_reset |         20 |         20 |       0 |    0 |     38 |      0 |      0 |    0 |          0 |
|     axi_main_ic                                                 |                                                                   dcim_array_chip_axi_main_ic_0 |       4984 |       4787 |      92 |  105 |   5075 |      0 |      0 |    0 |          0 |
|       m00_couplers                                              |                                                                        m00_couplers_imp_1L2HRJZ |        782 |        738 |      44 |    0 |    750 |      0 |      0 |    0 |          0 |
|         auto_ds                                                 |                                                       dcim_array_chip_axi_main_ic_imp_auto_ds_0 |        782 |        738 |      44 |    0 |    750 |      0 |      0 |    0 |          0 |
|           inst                                                  |                      dcim_array_chip_axi_main_ic_imp_auto_ds_0_axi_dwidth_converter_v2_1_35_top |        782 |        738 |      44 |    0 |    750 |      0 |      0 |    0 |          0 |
|       m01_couplers                                              |                                                                         m01_couplers_imp_SWB4J5 |        988 |        899 |      48 |   41 |    946 |      0 |      0 |    0 |          0 |
|         auto_ds                                                 |                                                       dcim_array_chip_axi_main_ic_imp_auto_ds_1 |        789 |        741 |      48 |    0 |    724 |      0 |      0 |    0 |          0 |
|           inst                                                  |                      dcim_array_chip_axi_main_ic_imp_auto_ds_1_axi_dwidth_converter_v2_1_35_top |        789 |        741 |      48 |    0 |    724 |      0 |      0 |    0 |          0 |
|         auto_pc                                                 |                                                       dcim_array_chip_axi_main_ic_imp_auto_pc_0 |        200 |        159 |       0 |   41 |    222 |      0 |      0 |    0 |          0 |
|           inst                                                  | dcim_array_chip_axi_main_ic_imp_auto_pc_0_axi_protocol_converter_v2_1_35_axi_protocol_converter |        200 |        159 |       0 |   41 |    222 |      0 |      0 |    0 |          0 |
|       s01_couplers                                              |                                                                         s01_couplers_imp_K4LTBD |        823 |        769 |       0 |   54 |   1004 |      0 |      0 |    0 |          0 |
|         auto_us                                                 |                                                       dcim_array_chip_axi_main_ic_imp_auto_us_0 |        823 |        769 |       0 |   54 |   1004 |      0 |      0 |    0 |          0 |
|           inst                                                  |                      dcim_array_chip_axi_main_ic_imp_auto_us_0_axi_dwidth_converter_v2_1_35_top |        823 |        769 |       0 |   54 |   1004 |      0 |      0 |    0 |          0 |
|       xbar                                                      |                                                          dcim_array_chip_axi_main_ic_imp_xbar_0 |       2395 |       2385 |       0 |   10 |   2375 |      0 |      0 |    0 |          0 |
|         inst                                                    |                        dcim_array_chip_axi_main_ic_imp_xbar_0_axi_crossbar_v2_1_36_axi_crossbar |       2395 |       2385 |       0 |   10 |   2375 |      0 |      0 |    0 |          0 |
|           gen_samd.crossbar_samd                                |                            dcim_array_chip_axi_main_ic_imp_xbar_0_axi_crossbar_v2_1_36_crossbar |       2395 |       2385 |       0 |   10 |   2375 |      0 |      0 |    0 |          0 |
|     dcim_array_0                                                |                                                                  dcim_array_chip_dcim_array_0_0 |     489015 |     489015 |       0 |    0 | 246861 |    128 |      0 |  128 |       7872 |
|       inst                                                      |                                                    dcim_array_chip_dcim_array_0_0_DCIM_Array_bd |     489015 |     489015 |       0 |    0 | 246861 |    128 |      0 |  128 |       7872 |
|         u_top                                                   |                                                   dcim_array_chip_dcim_array_0_0_DCIM_Array_Top |     489015 |     489015 |       0 |    0 | 246861 |    128 |      0 |  128 |       7872 |
|           u_axi_regs                                            |                                                   dcim_array_chip_dcim_array_0_0_DCIM_Array_AXI |          2 |          2 |       0 |    0 |      2 |      0 |      0 |    0 |          0 |
|           u_dcim_array                                          |                                                       dcim_array_chip_dcim_array_0_0_DCIM_Array |     489013 |     489013 |       0 |    0 | 246859 |    128 |      0 |  128 |       7872 |
|     dcim_axi_lite_ic                                            |                                                              dcim_array_chip_dcim_axi_lite_ic_0 |          0 |          0 |       0 |    0 |      0 |      0 |      0 |    0 |          0 |
|     dcim_ibuf_ctrl_0                                            |                                                              dcim_array_chip_dcim_ibuf_ctrl_0_0 |        204 |        204 |       0 |    0 |    472 |      0 |      0 |    0 |          0 |
|       U0                                                        |                                                dcim_array_chip_dcim_ibuf_ctrl_0_0_axi_bram_ctrl |        204 |        204 |       0 |    0 |    472 |      0 |      0 |    0 |          0 |
|         gext_inst.abcv4_0_ext_inst                              |                                            dcim_array_chip_dcim_ibuf_ctrl_0_0_axi_bram_ctrl_top |        204 |        204 |       0 |    0 |    472 |      0 |      0 |    0 |          0 |
|           GEN_AXI4.I_FULL_AXI                                   |                                                     dcim_array_chip_dcim_ibuf_ctrl_0_0_full_axi |        204 |        204 |       0 |    0 |    472 |      0 |      0 |    0 |          0 |
|     dcim_ibuf_ctrl_1                                            |                                                              dcim_array_chip_dcim_ibuf_ctrl_1_0 |        201 |        201 |       0 |    0 |    472 |      0 |      0 |    0 |          0 |
|       U0                                                        |                                                dcim_array_chip_dcim_ibuf_ctrl_1_0_axi_bram_ctrl |        201 |        201 |       0 |    0 |    472 |      0 |      0 |    0 |          0 |
|         gext_inst.abcv4_0_ext_inst                              |                                            dcim_array_chip_dcim_ibuf_ctrl_1_0_axi_bram_ctrl_top |        201 |        201 |       0 |    0 |    472 |      0 |      0 |    0 |          0 |
|           GEN_AXI4.I_FULL_AXI                                   |                                                     dcim_array_chip_dcim_ibuf_ctrl_1_0_full_axi |        201 |        201 |       0 |    0 |    472 |      0 |      0 |    0 |          0 |
|     dcim_ibuf_ctrl_2                                            |                                                              dcim_array_chip_dcim_ibuf_ctrl_2_0 |        202 |        202 |       0 |    0 |    472 |      0 |      0 |    0 |          0 |
|       U0                                                        |                                                dcim_array_chip_dcim_ibuf_ctrl_2_0_axi_bram_ctrl |        202 |        202 |       0 |    0 |    472 |      0 |      0 |    0 |          0 |
|         gext_inst.abcv4_0_ext_inst                              |                                            dcim_array_chip_dcim_ibuf_ctrl_2_0_axi_bram_ctrl_top |        202 |        202 |       0 |    0 |    472 |      0 |      0 |    0 |          0 |
|           GEN_AXI4.I_FULL_AXI                                   |                                                     dcim_array_chip_dcim_ibuf_ctrl_2_0_full_axi |        202 |        202 |       0 |    0 |    472 |      0 |      0 |    0 |          0 |
|     dcim_ibuf_ctrl_3                                            |                                                              dcim_array_chip_dcim_ibuf_ctrl_3_0 |        202 |        202 |       0 |    0 |    472 |      0 |      0 |    0 |          0 |
|       U0                                                        |                                                dcim_array_chip_dcim_ibuf_ctrl_3_0_axi_bram_ctrl |        202 |        202 |       0 |    0 |    472 |      0 |      0 |    0 |          0 |
|         gext_inst.abcv4_0_ext_inst                              |                                            dcim_array_chip_dcim_ibuf_ctrl_3_0_axi_bram_ctrl_top |        202 |        202 |       0 |    0 |    472 |      0 |      0 |    0 |          0 |
|           GEN_AXI4.I_FULL_AXI                                   |                                                     dcim_array_chip_dcim_ibuf_ctrl_3_0_full_axi |        202 |        202 |       0 |    0 |    472 |      0 |      0 |    0 |          0 |
|     dcim_ibuf_ctrl_4                                            |                                                              dcim_array_chip_dcim_ibuf_ctrl_4_0 |        202 |        202 |       0 |    0 |    472 |      0 |      0 |    0 |          0 |
|       U0                                                        |                                                dcim_array_chip_dcim_ibuf_ctrl_4_0_axi_bram_ctrl |        202 |        202 |       0 |    0 |    472 |      0 |      0 |    0 |          0 |
|         gext_inst.abcv4_0_ext_inst                              |                                            dcim_array_chip_dcim_ibuf_ctrl_4_0_axi_bram_ctrl_top |        202 |        202 |       0 |    0 |    472 |      0 |      0 |    0 |          0 |
|           GEN_AXI4.I_FULL_AXI                                   |                                                     dcim_array_chip_dcim_ibuf_ctrl_4_0_full_axi |        202 |        202 |       0 |    0 |    472 |      0 |      0 |    0 |          0 |
|     dcim_ibuf_ctrl_5                                            |                                                              dcim_array_chip_dcim_ibuf_ctrl_5_0 |        201 |        201 |       0 |    0 |    472 |      0 |      0 |    0 |          0 |
|       U0                                                        |                                                dcim_array_chip_dcim_ibuf_ctrl_5_0_axi_bram_ctrl |        201 |        201 |       0 |    0 |    472 |      0 |      0 |    0 |          0 |
|         gext_inst.abcv4_0_ext_inst                              |                                            dcim_array_chip_dcim_ibuf_ctrl_5_0_axi_bram_ctrl_top |        201 |        201 |       0 |    0 |    472 |      0 |      0 |    0 |          0 |
|           GEN_AXI4.I_FULL_AXI                                   |                                                     dcim_array_chip_dcim_ibuf_ctrl_5_0_full_axi |        201 |        201 |       0 |    0 |    472 |      0 |      0 |    0 |          0 |
|     dcim_ibuf_ctrl_6                                            |                                                              dcim_array_chip_dcim_ibuf_ctrl_6_0 |        201 |        201 |       0 |    0 |    472 |      0 |      0 |    0 |          0 |
|       U0                                                        |                                                dcim_array_chip_dcim_ibuf_ctrl_6_0_axi_bram_ctrl |        201 |        201 |       0 |    0 |    472 |      0 |      0 |    0 |          0 |
|         gext_inst.abcv4_0_ext_inst                              |                                            dcim_array_chip_dcim_ibuf_ctrl_6_0_axi_bram_ctrl_top |        201 |        201 |       0 |    0 |    472 |      0 |      0 |    0 |          0 |
|           GEN_AXI4.I_FULL_AXI                                   |                                                     dcim_array_chip_dcim_ibuf_ctrl_6_0_full_axi |        201 |        201 |       0 |    0 |    472 |      0 |      0 |    0 |          0 |
|     dcim_ibuf_ctrl_7                                            |                                                              dcim_array_chip_dcim_ibuf_ctrl_7_0 |        202 |        202 |       0 |    0 |    472 |      0 |      0 |    0 |          0 |
|       U0                                                        |                                                dcim_array_chip_dcim_ibuf_ctrl_7_0_axi_bram_ctrl |        202 |        202 |       0 |    0 |    472 |      0 |      0 |    0 |          0 |
|         gext_inst.abcv4_0_ext_inst                              |                                            dcim_array_chip_dcim_ibuf_ctrl_7_0_axi_bram_ctrl_top |        202 |        202 |       0 |    0 |    472 |      0 |      0 |    0 |          0 |
|           GEN_AXI4.I_FULL_AXI                                   |                                                     dcim_array_chip_dcim_ibuf_ctrl_7_0_full_axi |        202 |        202 |       0 |    0 |    472 |      0 |      0 |    0 |          0 |
|     dcim_obuf_ctrl_0                                            |                                                              dcim_array_chip_dcim_obuf_ctrl_0_0 |        203 |        203 |       0 |    0 |    472 |      0 |      0 |    0 |          0 |
|       U0                                                        |                                                dcim_array_chip_dcim_obuf_ctrl_0_0_axi_bram_ctrl |        203 |        203 |       0 |    0 |    472 |      0 |      0 |    0 |          0 |
|         gext_inst.abcv4_0_ext_inst                              |                                            dcim_array_chip_dcim_obuf_ctrl_0_0_axi_bram_ctrl_top |        203 |        203 |       0 |    0 |    472 |      0 |      0 |    0 |          0 |
|           GEN_AXI4.I_FULL_AXI                                   |                                                     dcim_array_chip_dcim_obuf_ctrl_0_0_full_axi |        203 |        203 |       0 |    0 |    472 |      0 |      0 |    0 |          0 |
|     dcim_obuf_ctrl_1                                            |                                                              dcim_array_chip_dcim_obuf_ctrl_1_0 |        203 |        203 |       0 |    0 |    472 |      0 |      0 |    0 |          0 |
|       U0                                                        |                                                dcim_array_chip_dcim_obuf_ctrl_1_0_axi_bram_ctrl |        203 |        203 |       0 |    0 |    472 |      0 |      0 |    0 |          0 |
|         gext_inst.abcv4_0_ext_inst                              |                                            dcim_array_chip_dcim_obuf_ctrl_1_0_axi_bram_ctrl_top |        203 |        203 |       0 |    0 |    472 |      0 |      0 |    0 |          0 |
|           GEN_AXI4.I_FULL_AXI                                   |                                                     dcim_array_chip_dcim_obuf_ctrl_1_0_full_axi |        203 |        203 |       0 |    0 |    472 |      0 |      0 |    0 |          0 |
|     dcim_obuf_ctrl_2                                            |                                                              dcim_array_chip_dcim_obuf_ctrl_2_0 |        201 |        201 |       0 |    0 |    472 |      0 |      0 |    0 |          0 |
|       U0                                                        |                                                dcim_array_chip_dcim_obuf_ctrl_2_0_axi_bram_ctrl |        201 |        201 |       0 |    0 |    472 |      0 |      0 |    0 |          0 |
|         gext_inst.abcv4_0_ext_inst                              |                                            dcim_array_chip_dcim_obuf_ctrl_2_0_axi_bram_ctrl_top |        201 |        201 |       0 |    0 |    472 |      0 |      0 |    0 |          0 |
|           GEN_AXI4.I_FULL_AXI                                   |                                                     dcim_array_chip_dcim_obuf_ctrl_2_0_full_axi |        201 |        201 |       0 |    0 |    472 |      0 |      0 |    0 |          0 |
|     dcim_obuf_ctrl_3                                            |                                                              dcim_array_chip_dcim_obuf_ctrl_3_0 |        202 |        202 |       0 |    0 |    472 |      0 |      0 |    0 |          0 |
|       U0                                                        |                                                dcim_array_chip_dcim_obuf_ctrl_3_0_axi_bram_ctrl |        202 |        202 |       0 |    0 |    472 |      0 |      0 |    0 |          0 |
|         gext_inst.abcv4_0_ext_inst                              |                                            dcim_array_chip_dcim_obuf_ctrl_3_0_axi_bram_ctrl_top |        202 |        202 |       0 |    0 |    472 |      0 |      0 |    0 |          0 |
|           GEN_AXI4.I_FULL_AXI                                   |                                                     dcim_array_chip_dcim_obuf_ctrl_3_0_full_axi |        202 |        202 |       0 |    0 |    472 |      0 |      0 |    0 |          0 |
|     dcim_obuf_ctrl_4                                            |                                                              dcim_array_chip_dcim_obuf_ctrl_4_0 |        202 |        202 |       0 |    0 |    472 |      0 |      0 |    0 |          0 |
|       U0                                                        |                                                dcim_array_chip_dcim_obuf_ctrl_4_0_axi_bram_ctrl |        202 |        202 |       0 |    0 |    472 |      0 |      0 |    0 |          0 |
|         gext_inst.abcv4_0_ext_inst                              |                                            dcim_array_chip_dcim_obuf_ctrl_4_0_axi_bram_ctrl_top |        202 |        202 |       0 |    0 |    472 |      0 |      0 |    0 |          0 |
|           GEN_AXI4.I_FULL_AXI                                   |                                                     dcim_array_chip_dcim_obuf_ctrl_4_0_full_axi |        202 |        202 |       0 |    0 |    472 |      0 |      0 |    0 |          0 |
|     dcim_obuf_ctrl_5                                            |                                                              dcim_array_chip_dcim_obuf_ctrl_5_0 |        202 |        202 |       0 |    0 |    472 |      0 |      0 |    0 |          0 |
|       U0                                                        |                                                dcim_array_chip_dcim_obuf_ctrl_5_0_axi_bram_ctrl |        202 |        202 |       0 |    0 |    472 |      0 |      0 |    0 |          0 |
|         gext_inst.abcv4_0_ext_inst                              |                                            dcim_array_chip_dcim_obuf_ctrl_5_0_axi_bram_ctrl_top |        202 |        202 |       0 |    0 |    472 |      0 |      0 |    0 |          0 |
|           GEN_AXI4.I_FULL_AXI                                   |                                                     dcim_array_chip_dcim_obuf_ctrl_5_0_full_axi |        202 |        202 |       0 |    0 |    472 |      0 |      0 |    0 |          0 |
|     dcim_obuf_ctrl_6                                            |                                                              dcim_array_chip_dcim_obuf_ctrl_6_0 |        202 |        202 |       0 |    0 |    472 |      0 |      0 |    0 |          0 |
|       U0                                                        |                                                dcim_array_chip_dcim_obuf_ctrl_6_0_axi_bram_ctrl |        202 |        202 |       0 |    0 |    472 |      0 |      0 |    0 |          0 |
|         gext_inst.abcv4_0_ext_inst                              |                                            dcim_array_chip_dcim_obuf_ctrl_6_0_axi_bram_ctrl_top |        202 |        202 |       0 |    0 |    472 |      0 |      0 |    0 |          0 |
|           GEN_AXI4.I_FULL_AXI                                   |                                                     dcim_array_chip_dcim_obuf_ctrl_6_0_full_axi |        202 |        202 |       0 |    0 |    472 |      0 |      0 |    0 |          0 |
|     dcim_obuf_ctrl_7                                            |                                                              dcim_array_chip_dcim_obuf_ctrl_7_0 |        202 |        202 |       0 |    0 |    472 |      0 |      0 |    0 |          0 |
|       U0                                                        |                                                dcim_array_chip_dcim_obuf_ctrl_7_0_axi_bram_ctrl |        202 |        202 |       0 |    0 |    472 |      0 |      0 |    0 |          0 |
|         gext_inst.abcv4_0_ext_inst                              |                                            dcim_array_chip_dcim_obuf_ctrl_7_0_axi_bram_ctrl_top |        202 |        202 |       0 |    0 |    472 |      0 |      0 |    0 |          0 |
|           GEN_AXI4.I_FULL_AXI                                   |                                                     dcim_array_chip_dcim_obuf_ctrl_7_0_full_axi |        202 |        202 |       0 |    0 |    472 |      0 |      0 |    0 |          0 |
|     global_bram                                                 |                                                                   dcim_array_chip_global_bram_0 |         66 |         66 |       0 |    0 |      1 |     32 |      0 |    0 |          0 |
|       U0                                                        |                                               dcim_array_chip_global_bram_0_blk_mem_gen_v8_4_10 |         66 |         66 |       0 |    0 |      1 |     32 |      0 |    0 |          0 |
|         inst_blk_mem_gen                                        |                                         dcim_array_chip_global_bram_0_blk_mem_gen_v8_4_10_synth |         66 |         66 |       0 |    0 |      1 |     32 |      0 |    0 |          0 |
|           gnbram.gnative_mem_map_bmg.native_mem_map_blk_mem_gen |                                                   dcim_array_chip_global_bram_0_blk_mem_gen_top |         66 |         66 |       0 |    0 |      1 |     32 |      0 |    0 |          0 |
|     global_bram_ctrl                                            |                                                              dcim_array_chip_global_bram_ctrl_0 |        201 |        201 |       0 |    0 |    471 |      0 |      0 |    0 |          0 |
|       U0                                                        |                                                dcim_array_chip_global_bram_ctrl_0_axi_bram_ctrl |        201 |        201 |       0 |    0 |    471 |      0 |      0 |    0 |          0 |
|         gext_inst.abcv4_0_ext_inst                              |                                            dcim_array_chip_global_bram_ctrl_0_axi_bram_ctrl_top |        201 |        201 |       0 |    0 |    471 |      0 |      0 |    0 |          0 |
|           GEN_AXI4.I_FULL_AXI                                   |                                                     dcim_array_chip_global_bram_ctrl_0_full_axi |        201 |        201 |       0 |    0 |    471 |      0 |      0 |    0 |          0 |
|     util_ds_buf                                                 |                                                                   dcim_array_chip_util_ds_buf_0 |          0 |          0 |       0 |    0 |      0 |      0 |      0 |    0 |          0 |
|       U0                                                        |                                                       dcim_array_chip_util_ds_buf_0_util_ds_buf |          0 |          0 |       0 |    0 |      0 |      0 |      0 |    0 |          0 |
|     xdma_0                                                      |                                                                        dcim_array_chip_xdma_0_0 |      38035 |      34289 |    3729 |   17 |  41486 |     74 |      0 |    0 |          0 |
|       inst                                                      |                                                               dcim_array_chip_xdma_0_0_core_top |      38035 |      34289 |    3729 |   17 |  41486 |     74 |      0 |    0 |          0 |
|         (inst)                                                  |                                                               dcim_array_chip_xdma_0_0_core_top |          1 |          1 |       0 |    0 |      0 |      0 |      0 |    0 |          0 |
|         pcie4c_ip_i                                             |                                                              dcim_array_chip_xdma_0_0_pcie4c_ip |       2500 |       2485 |       0 |   15 |   7927 |     22 |      0 |    0 |          0 |
|           inst                                                  |                                       dcim_array_chip_xdma_0_0_pcie4c_ip_pcie4c_uscale_core_top |       2500 |       2485 |       0 |   15 |   7927 |     22 |      0 |    0 |          0 |
|         ram_top                                                 |                                              dcim_array_chip_xdma_0_0_xdma_v4_1_33_udma_ram_top |          4 |          4 |       0 |    0 |      1 |     46 |      0 |    0 |          0 |
|           C2H_PCIE_DSC_CPLD_RAM                                 |                      dcim_array_chip_xdma_0_0_xdma_v4_1_33_mem_simple_dport_ram__parameterized5 |          3 |          3 |       0 |    0 |      0 |      6 |      0 |    0 |          0 |
|           MASTER_READ_BRAM                                      |                       dcim_array_chip_xdma_0_0_xdma_v4_1_33_dma_xpm_sdpram_wrap__parameterized0 |          0 |          0 |       0 |    0 |      0 |      4 |      0 |    0 |          0 |
|           gen_c2h_bram.C2H_DAT0_FIFO                            |                            dcim_array_chip_xdma_0_0_xdma_v4_1_33_dma_xpm_sdpram_wrap__xdcDup__5 |          0 |          0 |       0 |    0 |      0 |      4 |      0 |    0 |          0 |
|           gen_c2h_bram.C2H_DAT1_FIFO                            |                            dcim_array_chip_xdma_0_0_xdma_v4_1_33_dma_xpm_sdpram_wrap__xdcDup__6 |          0 |          0 |       0 |    0 |      0 |      4 |      0 |    0 |          0 |
|           gen_c2h_bram.C2H_DAT2_FIFO                            |                            dcim_array_chip_xdma_0_0_xdma_v4_1_33_dma_xpm_sdpram_wrap__xdcDup__7 |          0 |          0 |       0 |    0 |      0 |      4 |      0 |    0 |          0 |
|           gen_c2h_bram.C2H_DAT3_FIFO                            |                                       dcim_array_chip_xdma_0_0_xdma_v4_1_33_dma_xpm_sdpram_wrap |          0 |          0 |       0 |    0 |      0 |      4 |      0 |    0 |          0 |
|           gen_h2c_bram.H2C_DAT0_FIFO                            |                            dcim_array_chip_xdma_0_0_xdma_v4_1_33_dma_xpm_sdpram_wrap__xdcDup__1 |          1 |          1 |       0 |    0 |      1 |      4 |      0 |    0 |          0 |
|           gen_h2c_bram.H2C_DAT1_FIFO                            |                            dcim_array_chip_xdma_0_0_xdma_v4_1_33_dma_xpm_sdpram_wrap__xdcDup__2 |          0 |          0 |       0 |    0 |      0 |      4 |      0 |    0 |          0 |
|           gen_h2c_bram.H2C_DAT2_FIFO                            |                            dcim_array_chip_xdma_0_0_xdma_v4_1_33_dma_xpm_sdpram_wrap__xdcDup__3 |          0 |          0 |       0 |    0 |      0 |      4 |      0 |    0 |          0 |
|           gen_h2c_bram.H2C_DAT3_FIFO                            |                            dcim_array_chip_xdma_0_0_xdma_v4_1_33_dma_xpm_sdpram_wrap__xdcDup__4 |          0 |          0 |       0 |    0 |      0 |      4 |      0 |    0 |          0 |
|           mas_bridge_ram_write_512.MASTER_WRITE_FIFO            |            dcim_array_chip_xdma_0_0_xdma_v4_1_33_dma_xpm_sdpram_wrap__parameterized0__xdcDup__1 |          0 |          0 |       0 |    0 |      0 |      4 |      0 |    0 |          0 |
|         udma_wrapper                                            |                                              dcim_array_chip_xdma_0_0_xdma_v4_1_33_udma_wrapper |      35530 |      31799 |    3729 |    2 |  33558 |      6 |      0 |    0 |          0 |
|           (udma_wrapper)                                        |                                              dcim_array_chip_xdma_0_0_xdma_v4_1_33_udma_wrapper |          0 |          0 |       0 |    0 |     33 |      0 |      0 |    0 |          0 |
|           dma_top                                               |                                                  dcim_array_chip_xdma_0_0_xdma_v4_1_33_udma_top |      35530 |      31799 |    3729 |    2 |  33525 |      6 |      0 |    0 |          0 |
|     xdma_inv                                                    |                                                                      dcim_array_chip_xdma_inv_0 |          0 |          0 |       0 |    0 |      0 |      0 |      0 |    0 |          0 |
+-----------------------------------------------------------------+-------------------------------------------------------------------------------------------------+------------+------------+---------+------+--------+--------+--------+------+------------+
* Note: The sum of lower-level cells may be larger than their parent cells total, due to cross-hierarchy LUT combining


