Copyright 1986-2022 Xilinx, Inc. All Rights Reserved. Copyright 2022-2025 Advanced Micro Devices, Inc. All Rights Reserved.
-------------------------------------------------------------------------------------------------------------------------------------------------
| Tool Version : Vivado v.2024.2.2 (lin64) Build 6060944 Thu Mar 06 19:10:09 MST 2025
| Date         : Wed Apr 29 14:57:49 2026
| Host         : EDA02.R760 running 64-bit CentOS Linux release 7.9.2009 (Core)
| Command      : report_utilization -file /data/home/rn_xu29/Projects/YOLO-On-FPGA/EdgeYOLO-FPGA/build/xdma_hbm/SynOutputDir/post_synth_util.rpt
| Design       : xdma_hbm_wrapper
| Device       : xcvu37p-fsvh2892-2L-e
| Speed File   : -2L
| Design State : Synthesized
-------------------------------------------------------------------------------------------------------------------------------------------------

Utilization Design Information

Table of Contents
-----------------
1. CLB Logic
1.1 Summary of Registers by Type
2. BLOCKRAM
3. ARITHMETIC
4. I/O
5. CLOCK
6. ADVANCED
7. CONFIGURATION
8. Primitives
9. Black Boxes
10. Instantiated Netlists
11. SLR Connectivity
12. SLR Connectivity Matrix
13. SLR IO Utilization

1. CLB Logic
------------

+----------------------------+--------+-------+------------+-----------+-------+
|          Site Type         |  Used  | Fixed | Prohibited | Available | Util% |
+----------------------------+--------+-------+------------+-----------+-------+
| CLB LUTs*                  | 131386 |     0 |          0 |   1303680 | 10.08 |
|   LUT as Logic             |  93759 |     0 |          0 |   1303680 |  7.19 |
|   LUT as Memory            |  37627 |     0 |          0 |    600960 |  6.26 |
|     LUT as Distributed RAM |  36685 |     0 |            |           |       |
|     LUT as Shift Register  |    942 |     0 |            |           |       |
| CLB Registers              | 216957 |     0 |          0 |   2607360 |  8.32 |
|   Register as Flip Flop    | 216957 |     0 |          0 |   2607360 |  8.32 |
|   Register as Latch        |      0 |     0 |          0 |   2607360 |  0.00 |
| CARRY8                     |   1386 |     0 |          0 |    162960 |  0.85 |
| F7 Muxes                   |   2381 |     0 |          0 |    651840 |  0.37 |
| F8 Muxes                   |    875 |     0 |          0 |    325920 |  0.27 |
| F9 Muxes                   |      0 |     0 |          0 |    162960 |  0.00 |
+----------------------------+--------+-------+------------+-----------+-------+
* Warning! The Final LUT count, after physical optimizations and full implementation, is typically lower. Run opt_design after synthesis, if not already completed, for a more realistic count.
Warning! LUT value is adjusted to account for LUT combining.
Warning! For any ECO changes, please run place_design if there are unplaced instances


1.1 Summary of Registers by Type
--------------------------------

+--------+--------------+-------------+--------------+
|  Total | Clock Enable | Synchronous | Asynchronous |
+--------+--------------+-------------+--------------+
| 0      |            _ |           - |            - |
| 0      |            _ |           - |          Set |
| 0      |            _ |           - |        Reset |
| 0      |            _ |         Set |            - |
| 0      |            _ |       Reset |            - |
| 0      |          Yes |           - |            - |
| 3912   |          Yes |           - |          Set |
| 6829   |          Yes |           - |        Reset |
| 3007   |          Yes |         Set |            - |
| 203209 |          Yes |       Reset |            - |
+--------+--------------+-------------+--------------+


2. BLOCKRAM
-----------

+-------------------+------+-------+------------+-----------+-------+
|     Site Type     | Used | Fixed | Prohibited | Available | Util% |
+-------------------+------+-------+------------+-----------+-------+
| Block RAM Tile    |   78 |     0 |          0 |      2016 |  3.87 |
|   RAMB36/FIFO*    |   78 |     0 |          0 |      2016 |  3.87 |
|     RAMB36E2 only |   78 |       |            |           |       |
|   RAMB18          |    0 |     0 |          0 |      4032 |  0.00 |
| URAM              |    0 |     0 |          0 |       960 |  0.00 |
+-------------------+------+-------+------------+-----------+-------+
* Note: Each Block RAM Tile only has one FIFO logic available and therefore can accommodate only one FIFO36E2 or one FIFO18E2. However, if a FIFO18E2 occupies a Block RAM Tile, that tile can still accommodate a RAMB18E2


3. ARITHMETIC
-------------

+-----------+------+-------+------------+-----------+-------+
| Site Type | Used | Fixed | Prohibited | Available | Util% |
+-----------+------+-------+------------+-----------+-------+
| DSPs      |    0 |     0 |          0 |      9024 |  0.00 |
+-----------+------+-------+------------+-----------+-------+


4. I/O
------

+------------+------+-------+------------+-----------+-------+
|  Site Type | Used | Fixed | Prohibited | Available | Util% |
+------------+------+-------+------------+-----------+-------+
| Bonded IOB |    2 |     2 |          0 |       624 |  0.32 |
| HPIOB_S    |    2 |     2 |          0 |       288 |  0.69 |
|   INPUT    |    1 |       |            |           |       |
|   OUTPUT   |    1 |       |            |           |       |
|   BIDIR    |    0 |       |            |           |       |
+------------+------+-------+------------+-----------+-------+


5. CLOCK
--------

+------------+------+-------+------------+-----------+-------+
|  Site Type | Used | Fixed | Prohibited | Available | Util% |
+------------+------+-------+------------+-----------+-------+
| BUFGCE     |    5 |     0 |          0 |       288 |  1.74 |
| BUFGCE_DIV |    0 |     0 |          0 |        48 |  0.00 |
| BUFG_GT    |   14 |     0 |          0 |       576 |  2.43 |
| BUFGCTRL*  |    0 |     0 |          0 |        96 |  0.00 |
| PLL        |    0 |     0 |          0 |        24 |  0.00 |
| MMCM       |    3 |     0 |          0 |        12 | 25.00 |
+------------+------+-------+------------+-----------+-------+
* Note: Each used BUFGCTRL counts as two GLOBAL CLOCK BUFFERs. This table does not include global clocking resources, only buffer cell usage. See the Clock Utilization Report (report_clock_utilization) for detailed accounting of global clocking resource availability.


6. ADVANCED
-----------

+----------------------+------+-------+------------+-----------+--------+
|       Site Type      | Used | Fixed | Prohibited | Available |  Util% |
+----------------------+------+-------+------------+-----------+--------+
| CMACE4               |    0 |     0 |          0 |         8 |   0.00 |
| GTYE4_CHANNEL        |    8 |     8 |          0 |        96 |   8.33 |
| GTYE4_COMMON         |    2 |     0 |          0 |        24 |   8.33 |
| HBM_REF_CLK          |    2 |     0 |          0 |         2 | 100.00 |
| HBM_SNGLBLI_INTF_APB |    2 |     0 |          0 |        32 |   6.25 |
| HBM_SNGLBLI_INTF_AXI |   32 |     0 |          0 |        32 | 100.00 |
| ILKNE4               |    0 |     0 |          0 |         4 |   0.00 |
| OBUFDS_GTE4          |    0 |     0 |          0 |        48 |   0.00 |
| OBUFDS_GTE4_ADV      |    0 |     0 |          0 |        48 |   0.00 |
| PCIE40E4             |    0 |     0 |          0 |         2 |   0.00 |
| PCIE4CE4             |    1 |     1 |          0 |         4 |  25.00 |
| SYSMONE4             |    0 |     0 |          0 |         3 |   0.00 |
+----------------------+------+-------+------------+-----------+--------+


7. CONFIGURATION
----------------

+-------------+------+-------+------------+-----------+-------+
|  Site Type  | Used | Fixed | Prohibited | Available | Util% |
+-------------+------+-------+------------+-----------+-------+
| BSCANE2     |    0 |     0 |          0 |        12 |  0.00 |
| DNA_PORTE2  |    0 |     0 |          0 |         3 |  0.00 |
| EFUSE_USR   |    0 |     0 |          0 |         3 |  0.00 |
| FRAME_ECCE4 |    0 |     0 |          0 |         3 |  0.00 |
| ICAPE3      |    0 |     0 |          0 |         6 |  0.00 |
| MASTER_JTAG |    0 |     0 |          0 |         3 |  0.00 |
| STARTUPE3   |    0 |     0 |          0 |         3 |  0.00 |
+-------------+------+-------+------------+-----------+-------+


8. Primitives
-------------

+----------------------+--------+---------------------+
|       Ref Name       |  Used  | Functional Category |
+----------------------+--------+---------------------+
| FDRE                 | 203209 |            Register |
| RAMD32               |  63560 |                 CLB |
| LUT3                 |  45500 |                 CLB |
| LUT6                 |  28939 |                 CLB |
| LUT5                 |  17693 |                 CLB |
| LUT4                 |  16439 |                 CLB |
| RAMS32               |   9061 |                 CLB |
| LUT2                 |   8914 |                 CLB |
| LUT1                 |   7528 |                 CLB |
| FDCE                 |   6829 |            Register |
| FDPE                 |   3912 |            Register |
| FDSE                 |   3007 |            Register |
| MUXF7                |   2381 |                 CLB |
| CARRY8               |   1386 |                 CLB |
| MUXF8                |    875 |                 CLB |
| SRLC32E              |    584 |                 CLB |
| SRL16E               |    358 |                 CLB |
| RAMD64E              |    128 |                 CLB |
| RAMB36E2             |     78 |            BLOCKRAM |
| RAMS64E              |     36 |                 CLB |
| HBM_SNGLBLI_INTF_AXI |     32 |            Advanced |
| BUFG_GT              |     14 |               Clock |
| BUFG_GT_SYNC         |      9 |               Clock |
| GTYE4_CHANNEL        |      8 |            Advanced |
| BUFGCE               |      5 |               Clock |
| MMCME4_ADV           |      3 |               Clock |
| HBM_SNGLBLI_INTF_APB |      2 |            Advanced |
| HBM_REF_CLK          |      2 |            Advanced |
| GTYE4_COMMON         |      2 |            Advanced |
| PCIE4CE4             |      1 |            Advanced |
| OBUF                 |      1 |                 I/O |
| INBUF                |      1 |                 I/O |
| IBUFDS_GTE4          |      1 |                 I/O |
| IBUFCTRL             |      1 |              Others |
+----------------------+--------+---------------------+


9. Black Boxes
--------------

+----------+------+
| Ref Name | Used |
+----------+------+


10. Instantiated Netlists
-------------------------

+------------------------------+------+
|           Ref Name           | Used |
+------------------------------+------+
| xdma_hbm_xdma_inv_0          |    1 |
| xdma_hbm_xdma_hbm_smc_root_0 |    1 |
| xdma_hbm_xdma_hbm_smc_1_0    |    1 |
| xdma_hbm_xdma_hbm_smc_0_0    |    1 |
| xdma_hbm_xdma_0_0            |    1 |
| xdma_hbm_util_ds_buf_0       |    1 |
| xdma_hbm_user_clk_wiz_0      |    1 |
| xdma_hbm_hbm_rst_0           |    1 |
| xdma_hbm_hbm_ref_clk_1_wiz_0 |    1 |
| xdma_hbm_hbm_ref_clk_0_wiz_0 |    1 |
| xdma_hbm_hbm_axi_cc_31_0     |    1 |
| xdma_hbm_hbm_axi_cc_30_0     |    1 |
| xdma_hbm_hbm_axi_cc_29_0     |    1 |
| xdma_hbm_hbm_axi_cc_28_0     |    1 |
| xdma_hbm_hbm_axi_cc_27_0     |    1 |
| xdma_hbm_hbm_axi_cc_26_0     |    1 |
| xdma_hbm_hbm_axi_cc_25_0     |    1 |
| xdma_hbm_hbm_axi_cc_24_0     |    1 |
| xdma_hbm_hbm_axi_cc_23_0     |    1 |
| xdma_hbm_hbm_axi_cc_22_0     |    1 |
| xdma_hbm_hbm_axi_cc_21_0     |    1 |
| xdma_hbm_hbm_axi_cc_20_0     |    1 |
| xdma_hbm_hbm_axi_cc_19_0     |    1 |
| xdma_hbm_hbm_axi_cc_18_0     |    1 |
| xdma_hbm_hbm_axi_cc_17_0     |    1 |
| xdma_hbm_hbm_axi_cc_16_0     |    1 |
| xdma_hbm_hbm_axi_cc_15_0     |    1 |
| xdma_hbm_hbm_axi_cc_14_0     |    1 |
| xdma_hbm_hbm_axi_cc_13_0     |    1 |
| xdma_hbm_hbm_axi_cc_12_0     |    1 |
| xdma_hbm_hbm_axi_cc_11_0     |    1 |
| xdma_hbm_hbm_axi_cc_10_0     |    1 |
| xdma_hbm_hbm_axi_cc_09_0     |    1 |
| xdma_hbm_hbm_axi_cc_08_0     |    1 |
| xdma_hbm_hbm_axi_cc_07_0     |    1 |
| xdma_hbm_hbm_axi_cc_06_0     |    1 |
| xdma_hbm_hbm_axi_cc_05_0     |    1 |
| xdma_hbm_hbm_axi_cc_04_0     |    1 |
| xdma_hbm_hbm_axi_cc_03_0     |    1 |
| xdma_hbm_hbm_axi_cc_02_0     |    1 |
| xdma_hbm_hbm_axi_cc_01_0     |    1 |
| xdma_hbm_hbm_axi_cc_00_0     |    1 |
| xdma_hbm_hbm_apb_rst_0       |    1 |
| xdma_hbm_hbm_0_0             |    1 |
+------------------------------+------+


11. SLR Connectivity
--------------------

+----------------------------------+------+-------+-----------+-------+
|                                  | Used | Fixed | Available | Util% |
+----------------------------------+------+-------+-----------+-------+
| SLR2 <-> SLR1                    |    0 |       |     23040 |  0.00 |
|   SLR1 -> SLR2                   |    0 |       |           |  0.00 |
|     Using TX_REG only            |    0 |     0 |           |       |
|     Using RX_REG only            |    0 |     0 |           |       |
|     Using Both TX_REG and RX_REG |    0 |     0 |           |       |
|   SLR2 -> SLR1                   |    0 |       |           |  0.00 |
|     Using TX_REG only            |    0 |     0 |           |       |
|     Using RX_REG only            |    0 |     0 |           |       |
|     Using Both TX_REG and RX_REG |    0 |     0 |           |       |
| SLR1 <-> SLR0                    |    0 |       |     23040 |  0.00 |
|   SLR0 -> SLR1                   |    0 |       |           |  0.00 |
|     Using TX_REG only            |    0 |     0 |           |       |
|     Using RX_REG only            |    0 |     0 |           |       |
|     Using Both TX_REG and RX_REG |    0 |     0 |           |       |
|   SLR1 -> SLR0                   |    0 |       |           |  0.00 |
|     Using TX_REG only            |    0 |     0 |           |       |
|     Using RX_REG only            |    0 |     0 |           |       |
|     Using Both TX_REG and RX_REG |    0 |     0 |           |       |
+----------------------------------+------+-------+-----------+-------+
| Total SLLs Used                  |    0 |       |           |       |
+----------------------------------+------+-------+-----------+-------+


12. SLR Connectivity Matrix
---------------------------

+-----------+------+------+------+
| FROM \ TO | SLR2 | SLR1 | SLR0 |
+-----------+------+------+------+
| SLR2      |    0 |    0 |    0 |
| SLR1      |    0 |    0 |    0 |
| SLR0      |    0 |    0 |    0 |
+-----------+------+------+------+


13. SLR IO Utilization
----------------------

+-----------+-----------+---------+------------+----------+------------+----------+-----+
| SLR Index | Used IOBs | (%)IOBs | Used IPADs | (%)IPADs | Used OPADs | (%)OPADs | GTs |
+-----------+-----------+---------+------------+----------+------------+----------+-----+
| SLR2      |         0 |    0.00 |          0 |     0.00 |          0 |     0.00 |   0 |
| SLR1      |         0 |    0.00 |          0 |     0.00 |          0 |     0.00 |   0 |
| SLR0      |         2 |    0.96 |          0 |     0.00 |          0 |     0.00 |   8 |
+-----------+-----------+---------+------------+----------+------------+----------+-----+
| Total     |         2 |         |          0 |          |          0 |          |   8 |
+-----------+-----------+---------+------------+----------+------------+----------+-----+


