Copyright 1986-2022 Xilinx, Inc. All Rights Reserved. Copyright 2022-2025 Advanced Micro Devices, Inc. All Rights Reserved.
-----------------------------------------------------------------------------------------------------------------------------------------------------------------------------------------------
| Tool Version : Vivado v.2024.2.2 (lin64) Build 6060944 Thu Mar 06 19:10:09 MST 2025
| Date         : Thu May 14 12:19:45 2026
| Host         : EDA02.R760 running 64-bit CentOS Linux release 7.9.2009 (Core)
| Command      : report_utilization -hierarchical -hierarchical_depth 5 -file /data/home/rn_xu29/Projects/YOLO-On-FPGA/EdgeYOLO-FPGA/build/chip/ImplOutputDir/post_route_area_hierarchical.rpt
| Design       : chip_wrapper
| Device       : xcvu37p-fsvh2892-2L-e
| Speed File   : -2L
| Design State : Routed
-----------------------------------------------------------------------------------------------------------------------------------------------------------------------------------------------

Utilization Design Information

Table of Contents
-----------------
1. Utilization by Hierarchy

1. Utilization by Hierarchy
---------------------------

+-----------------------------------------------------------------+--------------------------------------------------------------------------------------+------------+------------+---------+------+--------+--------+--------+------+------------+
|                             Instance                            |                                        Module                                        | Total LUTs | Logic LUTs | LUTRAMs | SRLs |   FFs  | RAMB36 | RAMB18 | URAM | DSP Blocks |
+-----------------------------------------------------------------+--------------------------------------------------------------------------------------+------------+------------+---------+------+--------+--------+--------+------+------------+
| chip_wrapper                                                    |                                                                                (top) |     553969 |     549222 |    4525 |  222 | 324918 |    234 |      0 |  128 |       7872 |
|   (chip_wrapper)                                                |                                                                                (top) |          0 |          0 |       0 |    0 |      0 |      0 |      0 |    0 |          0 |
|   chip_i                                                        |                                                                                 chip |     553969 |     549222 |    4525 |  222 | 324918 |    234 |      0 |  128 |       7872 |
|     (chip_i)                                                    |                                                                                 chip |          0 |          0 |       0 |    0 |      0 |      0 |      0 |    0 |          0 |
|     axi_buf_ic                                                  |                                                                    chip_axi_buf_ic_0 |      18517 |      17808 |     704 |    5 |  21674 |      0 |      0 |    0 |          0 |
|       m00_couplers                                              |                                                              m00_couplers_imp_LH41H2 |        782 |        738 |      44 |    0 |    754 |      0 |      0 |    0 |          0 |
|         auto_ds                                                 |                                                        chip_axi_buf_ic_imp_auto_ds_0 |        782 |        738 |      44 |    0 |    754 |      0 |      0 |    0 |          0 |
|           inst                                                  |                       chip_axi_buf_ic_imp_auto_ds_0_axi_dwidth_converter_v2_1_35_top |        782 |        738 |      44 |    0 |    754 |      0 |      0 |    0 |          0 |
|       m01_couplers                                              |                                                             m01_couplers_imp_1LTSA9S |        785 |        741 |      44 |    0 |    754 |      0 |      0 |    0 |          0 |
|         auto_ds                                                 |                                                        chip_axi_buf_ic_imp_auto_ds_1 |        785 |        741 |      44 |    0 |    754 |      0 |      0 |    0 |          0 |
|           inst                                                  |                       chip_axi_buf_ic_imp_auto_ds_1_axi_dwidth_converter_v2_1_35_top |        785 |        741 |      44 |    0 |    754 |      0 |      0 |    0 |          0 |
|       m02_couplers                                              |                                                             m02_couplers_imp_1BQEGNV |        783 |        739 |      44 |    0 |    754 |      0 |      0 |    0 |          0 |
|         auto_ds                                                 |                                                        chip_axi_buf_ic_imp_auto_ds_2 |        783 |        739 |      44 |    0 |    754 |      0 |      0 |    0 |          0 |
|           inst                                                  |                       chip_axi_buf_ic_imp_auto_ds_2_axi_dwidth_converter_v2_1_35_top |        783 |        739 |      44 |    0 |    754 |      0 |      0 |    0 |          0 |
|       m03_couplers                                              |                                                              m03_couplers_imp_DLQ46L |        784 |        740 |      44 |    0 |    754 |      0 |      0 |    0 |          0 |
|         auto_ds                                                 |                                                        chip_axi_buf_ic_imp_auto_ds_3 |        784 |        740 |      44 |    0 |    754 |      0 |      0 |    0 |          0 |
|           inst                                                  |                       chip_axi_buf_ic_imp_auto_ds_3_axi_dwidth_converter_v2_1_35_top |        784 |        740 |      44 |    0 |    754 |      0 |      0 |    0 |          0 |
|       m04_couplers                                              |                                                              m04_couplers_imp_NIYE7H |        783 |        739 |      44 |    0 |    754 |      0 |      0 |    0 |          0 |
|         auto_ds                                                 |                                                        chip_axi_buf_ic_imp_auto_ds_4 |        783 |        739 |      44 |    0 |    754 |      0 |      0 |    0 |          0 |
|           inst                                                  |                       chip_axi_buf_ic_imp_auto_ds_4_axi_dwidth_converter_v2_1_35_top |        783 |        739 |      44 |    0 |    754 |      0 |      0 |    0 |          0 |
|       m05_couplers                                              |                                                             m05_couplers_imp_1JZFOYJ |        781 |        737 |      44 |    0 |    754 |      0 |      0 |    0 |          0 |
|         auto_ds                                                 |                                                        chip_axi_buf_ic_imp_auto_ds_5 |        781 |        737 |      44 |    0 |    754 |      0 |      0 |    0 |          0 |
|           inst                                                  |                       chip_axi_buf_ic_imp_auto_ds_5_axi_dwidth_converter_v2_1_35_top |        781 |        737 |      44 |    0 |    754 |      0 |      0 |    0 |          0 |
|       m06_couplers                                              |                                                             m06_couplers_imp_1EEDAYO |        780 |        736 |      44 |    0 |    754 |      0 |      0 |    0 |          0 |
|         auto_ds                                                 |                                                        chip_axi_buf_ic_imp_auto_ds_6 |        780 |        736 |      44 |    0 |    754 |      0 |      0 |    0 |          0 |
|           inst                                                  |                       chip_axi_buf_ic_imp_auto_ds_6_axi_dwidth_converter_v2_1_35_top |        780 |        736 |      44 |    0 |    754 |      0 |      0 |    0 |          0 |
|       m07_couplers                                              |                                                              m07_couplers_imp_BA8X4M |        784 |        740 |      44 |    0 |    754 |      0 |      0 |    0 |          0 |
|         auto_ds                                                 |                                                        chip_axi_buf_ic_imp_auto_ds_7 |        784 |        740 |      44 |    0 |    754 |      0 |      0 |    0 |          0 |
|           inst                                                  |                       chip_axi_buf_ic_imp_auto_ds_7_axi_dwidth_converter_v2_1_35_top |        784 |        740 |      44 |    0 |    754 |      0 |      0 |    0 |          0 |
|       m08_couplers                                              |                                                              m08_couplers_imp_Z11HDS |        784 |        740 |      44 |    0 |    754 |      0 |      0 |    0 |          0 |
|         auto_ds                                                 |                                                        chip_axi_buf_ic_imp_auto_ds_8 |        784 |        740 |      44 |    0 |    754 |      0 |      0 |    0 |          0 |
|           inst                                                  |                       chip_axi_buf_ic_imp_auto_ds_8_axi_dwidth_converter_v2_1_35_top |        784 |        740 |      44 |    0 |    754 |      0 |      0 |    0 |          0 |
|       m09_couplers                                              |                                                             m09_couplers_imp_1R1CMK6 |        781 |        737 |      44 |    0 |    754 |      0 |      0 |    0 |          0 |
|         auto_ds                                                 |                                                        chip_axi_buf_ic_imp_auto_ds_9 |        781 |        737 |      44 |    0 |    754 |      0 |      0 |    0 |          0 |
|           inst                                                  |                       chip_axi_buf_ic_imp_auto_ds_9_axi_dwidth_converter_v2_1_35_top |        781 |        737 |      44 |    0 |    754 |      0 |      0 |    0 |          0 |
|       m10_couplers                                              |                                                             m10_couplers_imp_1VVEOIM |        783 |        739 |      44 |    0 |    754 |      0 |      0 |    0 |          0 |
|         auto_ds                                                 |                                                       chip_axi_buf_ic_imp_auto_ds_10 |        783 |        739 |      44 |    0 |    754 |      0 |      0 |    0 |          0 |
|           inst                                                  |                      chip_axi_buf_ic_imp_auto_ds_10_axi_dwidth_converter_v2_1_35_top |        783 |        739 |      44 |    0 |    754 |      0 |      0 |    0 |          0 |
|       m11_couplers                                              |                                                              m11_couplers_imp_TAISQ0 |        782 |        738 |      44 |    0 |    754 |      0 |      0 |    0 |          0 |
|         auto_ds                                                 |                                                       chip_axi_buf_ic_imp_auto_ds_11 |        782 |        738 |      44 |    0 |    754 |      0 |      0 |    0 |          0 |
|           inst                                                  |                      chip_axi_buf_ic_imp_auto_ds_11_axi_dwidth_converter_v2_1_35_top |        782 |        738 |      44 |    0 |    754 |      0 |      0 |    0 |          0 |
|       m12_couplers                                              |                                                              m12_couplers_imp_638Y7N |        781 |        737 |      44 |    0 |    754 |      0 |      0 |    0 |          0 |
|         auto_ds                                                 |                                                       chip_axi_buf_ic_imp_auto_ds_12 |        781 |        737 |      44 |    0 |    754 |      0 |      0 |    0 |          0 |
|           inst                                                  |                      chip_axi_buf_ic_imp_auto_ds_12_axi_dwidth_converter_v2_1_35_top |        781 |        737 |      44 |    0 |    754 |      0 |      0 |    0 |          0 |
|       m13_couplers                                              |                                                             m13_couplers_imp_120C4SL |        782 |        738 |      44 |    0 |    754 |      0 |      0 |    0 |          0 |
|         auto_ds                                                 |                                                       chip_axi_buf_ic_imp_auto_ds_13 |        782 |        738 |      44 |    0 |    754 |      0 |      0 |    0 |          0 |
|           inst                                                  |                      chip_axi_buf_ic_imp_auto_ds_13_axi_dwidth_converter_v2_1_35_top |        782 |        738 |      44 |    0 |    754 |      0 |      0 |    0 |          0 |
|       m14_couplers                                              |                                                             m14_couplers_imp_1TT91MT |        783 |        739 |      44 |    0 |    754 |      0 |      0 |    0 |          0 |
|         auto_ds                                                 |                                                       chip_axi_buf_ic_imp_auto_ds_14 |        783 |        739 |      44 |    0 |    754 |      0 |      0 |    0 |          0 |
|           inst                                                  |                      chip_axi_buf_ic_imp_auto_ds_14_axi_dwidth_converter_v2_1_35_top |        783 |        739 |      44 |    0 |    754 |      0 |      0 |    0 |          0 |
|       m15_couplers                                              |                                                              m15_couplers_imp_V56L0Z |        782 |        738 |      44 |    0 |    754 |      0 |      0 |    0 |          0 |
|         auto_ds                                                 |                                                       chip_axi_buf_ic_imp_auto_ds_15 |        782 |        738 |      44 |    0 |    754 |      0 |      0 |    0 |          0 |
|           inst                                                  |                      chip_axi_buf_ic_imp_auto_ds_15_axi_dwidth_converter_v2_1_35_top |        782 |        738 |      44 |    0 |    754 |      0 |      0 |    0 |          0 |
|       xbar                                                      |                                                           chip_axi_buf_ic_imp_xbar_0 |       6024 |       6019 |       0 |    5 |   9610 |      0 |      0 |    0 |          0 |
|         inst                                                    |                         chip_axi_buf_ic_imp_xbar_0_axi_crossbar_v2_1_36_axi_crossbar |       6024 |       6019 |       0 |    5 |   9610 |      0 |      0 |    0 |          0 |
|           gen_samd.crossbar_samd                                |                             chip_axi_buf_ic_imp_xbar_0_axi_crossbar_v2_1_36_crossbar |       6024 |       6019 |       0 |    5 |   9610 |      0 |      0 |    0 |          0 |
|     axi_cdma_0                                                  |                                                                    chip_axi_cdma_0_0 |       1822 |       1727 |       0 |   95 |   1841 |      0 |      0 |    0 |          0 |
|       (axi_cdma_0)                                              |                                                                    chip_axi_cdma_0_0 |          0 |          0 |       0 |    0 |      0 |      0 |      0 |    0 |          0 |
|       U0                                                        |                                                           chip_axi_cdma_0_0_axi_cdma |       1822 |       1727 |       0 |   95 |   1841 |      0 |      0 |    0 |          0 |
|         GEN_SIMPLE_MODE.I_SIMPLE_MODE_WRAP                      |                                               chip_axi_cdma_0_0_axi_cdma_simple_wrap |       1822 |       1727 |       0 |   95 |   1841 |      0 |      0 |    0 |          0 |
|           GEN_DM_FULL.I_DATAMOVER_FULL                          |                                                      chip_axi_cdma_0_0_axi_datamover |       1704 |       1609 |       0 |   95 |   1604 |      0 |      0 |    0 |          0 |
|           I_SIMPLE_DMA_CNTLR                                    |                                              chip_axi_cdma_0_0_axi_cdma_simple_cntlr |          8 |          8 |       0 |    0 |     18 |      0 |      0 |    0 |          0 |
|           I_SIMPLE_REG_MODULE                                   |                                                chip_axi_cdma_0_0_axi_cdma_reg_module |         90 |         90 |       0 |    0 |    181 |      0 |      0 |    0 |          0 |
|           I_SIMPLE_RST_MODULE                                   |                                                     chip_axi_cdma_0_0_axi_cdma_reset |         20 |         20 |       0 |    0 |     38 |      0 |      0 |    0 |          0 |
|     axi_main_ic                                                 |                                                                   chip_axi_main_ic_0 |       4975 |       4778 |      92 |  105 |   5075 |      0 |      0 |    0 |          0 |
|       m00_couplers                                              |                                                              m00_couplers_imp_MSMOMK |        783 |        739 |      44 |    0 |    750 |      0 |      0 |    0 |          0 |
|         auto_ds                                                 |                                                       chip_axi_main_ic_imp_auto_ds_0 |        783 |        739 |      44 |    0 |    750 |      0 |      0 |    0 |          0 |
|           inst                                                  |                      chip_axi_main_ic_imp_auto_ds_0_axi_dwidth_converter_v2_1_35_top |        783 |        739 |      44 |    0 |    750 |      0 |      0 |    0 |          0 |
|       m01_couplers                                              |                                                             m01_couplers_imp_1LH8GNU |        985 |        896 |      48 |   41 |    946 |      0 |      0 |    0 |          0 |
|         auto_ds                                                 |                                                       chip_axi_main_ic_imp_auto_ds_1 |        784 |        736 |      48 |    0 |    724 |      0 |      0 |    0 |          0 |
|           inst                                                  |                      chip_axi_main_ic_imp_auto_ds_1_axi_dwidth_converter_v2_1_35_top |        784 |        736 |      48 |    0 |    724 |      0 |      0 |    0 |          0 |
|         auto_pc                                                 |                                                       chip_axi_main_ic_imp_auto_pc_0 |        202 |        161 |       0 |   41 |    222 |      0 |      0 |    0 |          0 |
|           inst                                                  | chip_axi_main_ic_imp_auto_pc_0_axi_protocol_converter_v2_1_35_axi_protocol_converter |        202 |        161 |       0 |   41 |    222 |      0 |      0 |    0 |          0 |
|       s01_couplers                                              |                                                              s01_couplers_imp_2NFQLR |        820 |        766 |       0 |   54 |   1004 |      0 |      0 |    0 |          0 |
|         auto_us                                                 |                                                       chip_axi_main_ic_imp_auto_us_0 |        820 |        766 |       0 |   54 |   1004 |      0 |      0 |    0 |          0 |
|           inst                                                  |                      chip_axi_main_ic_imp_auto_us_0_axi_dwidth_converter_v2_1_35_top |        820 |        766 |       0 |   54 |   1004 |      0 |      0 |    0 |          0 |
|       xbar                                                      |                                                          chip_axi_main_ic_imp_xbar_0 |       2387 |       2377 |       0 |   10 |   2375 |      0 |      0 |    0 |          0 |
|         inst                                                    |                        chip_axi_main_ic_imp_xbar_0_axi_crossbar_v2_1_36_axi_crossbar |       2387 |       2377 |       0 |   10 |   2375 |      0 |      0 |    0 |          0 |
|           gen_samd.crossbar_samd                                |                            chip_axi_main_ic_imp_xbar_0_axi_crossbar_v2_1_36_crossbar |       2387 |       2377 |       0 |   10 |   2375 |      0 |      0 |    0 |          0 |
|     dcim_array_0                                                |                                                                  chip_dcim_array_0_0 |     487161 |     487161 |       0 |    0 | 246818 |    128 |      0 |  128 |       7872 |
|       inst                                                      |                                                    chip_dcim_array_0_0_DCIM_Array_bd |     487161 |     487161 |       0 |    0 | 246818 |    128 |      0 |  128 |       7872 |
|         u_top                                                   |                                                   chip_dcim_array_0_0_DCIM_Array_Top |     487161 |     487161 |       0 |    0 | 246818 |    128 |      0 |  128 |       7872 |
|           u_axi_regs                                            |                                                   chip_dcim_array_0_0_DCIM_Array_AXI |          2 |          2 |       0 |    0 |      2 |      0 |      0 |    0 |          0 |
|           u_dcim_array                                          |                                                       chip_dcim_array_0_0_DCIM_Array |     487159 |     487159 |       0 |    0 | 246816 |    128 |      0 |  128 |       7872 |
|     dcim_axi_lite_ic                                            |                                                              chip_dcim_axi_lite_ic_0 |          0 |          0 |       0 |    0 |      0 |      0 |      0 |    0 |          0 |
|     dcim_ibuf_ctrl_0                                            |                                                              chip_dcim_ibuf_ctrl_0_0 |        201 |        201 |       0 |    0 |    472 |      0 |      0 |    0 |          0 |
|       U0                                                        |                                                chip_dcim_ibuf_ctrl_0_0_axi_bram_ctrl |        201 |        201 |       0 |    0 |    472 |      0 |      0 |    0 |          0 |
|         gext_inst.abcv4_0_ext_inst                              |                                            chip_dcim_ibuf_ctrl_0_0_axi_bram_ctrl_top |        201 |        201 |       0 |    0 |    472 |      0 |      0 |    0 |          0 |
|           GEN_AXI4.I_FULL_AXI                                   |                                                     chip_dcim_ibuf_ctrl_0_0_full_axi |        201 |        201 |       0 |    0 |    472 |      0 |      0 |    0 |          0 |
|     dcim_ibuf_ctrl_1                                            |                                                              chip_dcim_ibuf_ctrl_1_0 |        202 |        202 |       0 |    0 |    472 |      0 |      0 |    0 |          0 |
|       U0                                                        |                                                chip_dcim_ibuf_ctrl_1_0_axi_bram_ctrl |        202 |        202 |       0 |    0 |    472 |      0 |      0 |    0 |          0 |
|         gext_inst.abcv4_0_ext_inst                              |                                            chip_dcim_ibuf_ctrl_1_0_axi_bram_ctrl_top |        202 |        202 |       0 |    0 |    472 |      0 |      0 |    0 |          0 |
|           GEN_AXI4.I_FULL_AXI                                   |                                                     chip_dcim_ibuf_ctrl_1_0_full_axi |        202 |        202 |       0 |    0 |    472 |      0 |      0 |    0 |          0 |
|     dcim_ibuf_ctrl_2                                            |                                                              chip_dcim_ibuf_ctrl_2_0 |        203 |        203 |       0 |    0 |    472 |      0 |      0 |    0 |          0 |
|       U0                                                        |                                                chip_dcim_ibuf_ctrl_2_0_axi_bram_ctrl |        203 |        203 |       0 |    0 |    472 |      0 |      0 |    0 |          0 |
|         gext_inst.abcv4_0_ext_inst                              |                                            chip_dcim_ibuf_ctrl_2_0_axi_bram_ctrl_top |        203 |        203 |       0 |    0 |    472 |      0 |      0 |    0 |          0 |
|           GEN_AXI4.I_FULL_AXI                                   |                                                     chip_dcim_ibuf_ctrl_2_0_full_axi |        203 |        203 |       0 |    0 |    472 |      0 |      0 |    0 |          0 |
|     dcim_ibuf_ctrl_3                                            |                                                              chip_dcim_ibuf_ctrl_3_0 |        202 |        202 |       0 |    0 |    472 |      0 |      0 |    0 |          0 |
|       U0                                                        |                                                chip_dcim_ibuf_ctrl_3_0_axi_bram_ctrl |        202 |        202 |       0 |    0 |    472 |      0 |      0 |    0 |          0 |
|         gext_inst.abcv4_0_ext_inst                              |                                            chip_dcim_ibuf_ctrl_3_0_axi_bram_ctrl_top |        202 |        202 |       0 |    0 |    472 |      0 |      0 |    0 |          0 |
|           GEN_AXI4.I_FULL_AXI                                   |                                                     chip_dcim_ibuf_ctrl_3_0_full_axi |        202 |        202 |       0 |    0 |    472 |      0 |      0 |    0 |          0 |
|     dcim_ibuf_ctrl_4                                            |                                                              chip_dcim_ibuf_ctrl_4_0 |        202 |        202 |       0 |    0 |    472 |      0 |      0 |    0 |          0 |
|       U0                                                        |                                                chip_dcim_ibuf_ctrl_4_0_axi_bram_ctrl |        202 |        202 |       0 |    0 |    472 |      0 |      0 |    0 |          0 |
|         gext_inst.abcv4_0_ext_inst                              |                                            chip_dcim_ibuf_ctrl_4_0_axi_bram_ctrl_top |        202 |        202 |       0 |    0 |    472 |      0 |      0 |    0 |          0 |
|           GEN_AXI4.I_FULL_AXI                                   |                                                     chip_dcim_ibuf_ctrl_4_0_full_axi |        202 |        202 |       0 |    0 |    472 |      0 |      0 |    0 |          0 |
|     dcim_ibuf_ctrl_5                                            |                                                              chip_dcim_ibuf_ctrl_5_0 |        203 |        203 |       0 |    0 |    472 |      0 |      0 |    0 |          0 |
|       U0                                                        |                                                chip_dcim_ibuf_ctrl_5_0_axi_bram_ctrl |        203 |        203 |       0 |    0 |    472 |      0 |      0 |    0 |          0 |
|         gext_inst.abcv4_0_ext_inst                              |                                            chip_dcim_ibuf_ctrl_5_0_axi_bram_ctrl_top |        203 |        203 |       0 |    0 |    472 |      0 |      0 |    0 |          0 |
|           GEN_AXI4.I_FULL_AXI                                   |                                                     chip_dcim_ibuf_ctrl_5_0_full_axi |        203 |        203 |       0 |    0 |    472 |      0 |      0 |    0 |          0 |
|     dcim_ibuf_ctrl_6                                            |                                                              chip_dcim_ibuf_ctrl_6_0 |        202 |        202 |       0 |    0 |    472 |      0 |      0 |    0 |          0 |
|       U0                                                        |                                                chip_dcim_ibuf_ctrl_6_0_axi_bram_ctrl |        202 |        202 |       0 |    0 |    472 |      0 |      0 |    0 |          0 |
|         gext_inst.abcv4_0_ext_inst                              |                                            chip_dcim_ibuf_ctrl_6_0_axi_bram_ctrl_top |        202 |        202 |       0 |    0 |    472 |      0 |      0 |    0 |          0 |
|           GEN_AXI4.I_FULL_AXI                                   |                                                     chip_dcim_ibuf_ctrl_6_0_full_axi |        202 |        202 |       0 |    0 |    472 |      0 |      0 |    0 |          0 |
|     dcim_ibuf_ctrl_7                                            |                                                              chip_dcim_ibuf_ctrl_7_0 |        202 |        202 |       0 |    0 |    472 |      0 |      0 |    0 |          0 |
|       U0                                                        |                                                chip_dcim_ibuf_ctrl_7_0_axi_bram_ctrl |        202 |        202 |       0 |    0 |    472 |      0 |      0 |    0 |          0 |
|         gext_inst.abcv4_0_ext_inst                              |                                            chip_dcim_ibuf_ctrl_7_0_axi_bram_ctrl_top |        202 |        202 |       0 |    0 |    472 |      0 |      0 |    0 |          0 |
|           GEN_AXI4.I_FULL_AXI                                   |                                                     chip_dcim_ibuf_ctrl_7_0_full_axi |        202 |        202 |       0 |    0 |    472 |      0 |      0 |    0 |          0 |
|     dcim_obuf_ctrl_0                                            |                                                              chip_dcim_obuf_ctrl_0_0 |        203 |        203 |       0 |    0 |    472 |      0 |      0 |    0 |          0 |
|       U0                                                        |                                                chip_dcim_obuf_ctrl_0_0_axi_bram_ctrl |        203 |        203 |       0 |    0 |    472 |      0 |      0 |    0 |          0 |
|         gext_inst.abcv4_0_ext_inst                              |                                            chip_dcim_obuf_ctrl_0_0_axi_bram_ctrl_top |        203 |        203 |       0 |    0 |    472 |      0 |      0 |    0 |          0 |
|           GEN_AXI4.I_FULL_AXI                                   |                                                     chip_dcim_obuf_ctrl_0_0_full_axi |        203 |        203 |       0 |    0 |    472 |      0 |      0 |    0 |          0 |
|     dcim_obuf_ctrl_1                                            |                                                              chip_dcim_obuf_ctrl_1_0 |        201 |        201 |       0 |    0 |    472 |      0 |      0 |    0 |          0 |
|       U0                                                        |                                                chip_dcim_obuf_ctrl_1_0_axi_bram_ctrl |        201 |        201 |       0 |    0 |    472 |      0 |      0 |    0 |          0 |
|         gext_inst.abcv4_0_ext_inst                              |                                            chip_dcim_obuf_ctrl_1_0_axi_bram_ctrl_top |        201 |        201 |       0 |    0 |    472 |      0 |      0 |    0 |          0 |
|           GEN_AXI4.I_FULL_AXI                                   |                                                     chip_dcim_obuf_ctrl_1_0_full_axi |        201 |        201 |       0 |    0 |    472 |      0 |      0 |    0 |          0 |
|     dcim_obuf_ctrl_2                                            |                                                              chip_dcim_obuf_ctrl_2_0 |        202 |        202 |       0 |    0 |    472 |      0 |      0 |    0 |          0 |
|       U0                                                        |                                                chip_dcim_obuf_ctrl_2_0_axi_bram_ctrl |        202 |        202 |       0 |    0 |    472 |      0 |      0 |    0 |          0 |
|         gext_inst.abcv4_0_ext_inst                              |                                            chip_dcim_obuf_ctrl_2_0_axi_bram_ctrl_top |        202 |        202 |       0 |    0 |    472 |      0 |      0 |    0 |          0 |
|           GEN_AXI4.I_FULL_AXI                                   |                                                     chip_dcim_obuf_ctrl_2_0_full_axi |        202 |        202 |       0 |    0 |    472 |      0 |      0 |    0 |          0 |
|     dcim_obuf_ctrl_3                                            |                                                              chip_dcim_obuf_ctrl_3_0 |        202 |        202 |       0 |    0 |    472 |      0 |      0 |    0 |          0 |
|       U0                                                        |                                                chip_dcim_obuf_ctrl_3_0_axi_bram_ctrl |        202 |        202 |       0 |    0 |    472 |      0 |      0 |    0 |          0 |
|         gext_inst.abcv4_0_ext_inst                              |                                            chip_dcim_obuf_ctrl_3_0_axi_bram_ctrl_top |        202 |        202 |       0 |    0 |    472 |      0 |      0 |    0 |          0 |
|           GEN_AXI4.I_FULL_AXI                                   |                                                     chip_dcim_obuf_ctrl_3_0_full_axi |        202 |        202 |       0 |    0 |    472 |      0 |      0 |    0 |          0 |
|     dcim_obuf_ctrl_4                                            |                                                              chip_dcim_obuf_ctrl_4_0 |        203 |        203 |       0 |    0 |    472 |      0 |      0 |    0 |          0 |
|       U0                                                        |                                                chip_dcim_obuf_ctrl_4_0_axi_bram_ctrl |        203 |        203 |       0 |    0 |    472 |      0 |      0 |    0 |          0 |
|         gext_inst.abcv4_0_ext_inst                              |                                            chip_dcim_obuf_ctrl_4_0_axi_bram_ctrl_top |        203 |        203 |       0 |    0 |    472 |      0 |      0 |    0 |          0 |
|           GEN_AXI4.I_FULL_AXI                                   |                                                     chip_dcim_obuf_ctrl_4_0_full_axi |        203 |        203 |       0 |    0 |    472 |      0 |      0 |    0 |          0 |
|     dcim_obuf_ctrl_5                                            |                                                              chip_dcim_obuf_ctrl_5_0 |        202 |        202 |       0 |    0 |    472 |      0 |      0 |    0 |          0 |
|       U0                                                        |                                                chip_dcim_obuf_ctrl_5_0_axi_bram_ctrl |        202 |        202 |       0 |    0 |    472 |      0 |      0 |    0 |          0 |
|         gext_inst.abcv4_0_ext_inst                              |                                            chip_dcim_obuf_ctrl_5_0_axi_bram_ctrl_top |        202 |        202 |       0 |    0 |    472 |      0 |      0 |    0 |          0 |
|           GEN_AXI4.I_FULL_AXI                                   |                                                     chip_dcim_obuf_ctrl_5_0_full_axi |        202 |        202 |       0 |    0 |    472 |      0 |      0 |    0 |          0 |
|     dcim_obuf_ctrl_6                                            |                                                              chip_dcim_obuf_ctrl_6_0 |        201 |        201 |       0 |    0 |    472 |      0 |      0 |    0 |          0 |
|       U0                                                        |                                                chip_dcim_obuf_ctrl_6_0_axi_bram_ctrl |        201 |        201 |       0 |    0 |    472 |      0 |      0 |    0 |          0 |
|         gext_inst.abcv4_0_ext_inst                              |                                            chip_dcim_obuf_ctrl_6_0_axi_bram_ctrl_top |        201 |        201 |       0 |    0 |    472 |      0 |      0 |    0 |          0 |
|           GEN_AXI4.I_FULL_AXI                                   |                                                     chip_dcim_obuf_ctrl_6_0_full_axi |        201 |        201 |       0 |    0 |    472 |      0 |      0 |    0 |          0 |
|     dcim_obuf_ctrl_7                                            |                                                              chip_dcim_obuf_ctrl_7_0 |        202 |        202 |       0 |    0 |    472 |      0 |      0 |    0 |          0 |
|       U0                                                        |                                                chip_dcim_obuf_ctrl_7_0_axi_bram_ctrl |        202 |        202 |       0 |    0 |    472 |      0 |      0 |    0 |          0 |
|         gext_inst.abcv4_0_ext_inst                              |                                            chip_dcim_obuf_ctrl_7_0_axi_bram_ctrl_top |        202 |        202 |       0 |    0 |    472 |      0 |      0 |    0 |          0 |
|           GEN_AXI4.I_FULL_AXI                                   |                                                     chip_dcim_obuf_ctrl_7_0_full_axi |        202 |        202 |       0 |    0 |    472 |      0 |      0 |    0 |          0 |
|     global_bram                                                 |                                                                   chip_global_bram_0 |         66 |         66 |       0 |    0 |      1 |     32 |      0 |    0 |          0 |
|       U0                                                        |                                               chip_global_bram_0_blk_mem_gen_v8_4_10 |         66 |         66 |       0 |    0 |      1 |     32 |      0 |    0 |          0 |
|         inst_blk_mem_gen                                        |                                         chip_global_bram_0_blk_mem_gen_v8_4_10_synth |         66 |         66 |       0 |    0 |      1 |     32 |      0 |    0 |          0 |
|           gnbram.gnative_mem_map_bmg.native_mem_map_blk_mem_gen |                                                   chip_global_bram_0_blk_mem_gen_top |         66 |         66 |       0 |    0 |      1 |     32 |      0 |    0 |          0 |
|     global_bram_ctrl                                            |                                                              chip_global_bram_ctrl_0 |        201 |        201 |       0 |    0 |    471 |      0 |      0 |    0 |          0 |
|       U0                                                        |                                                chip_global_bram_ctrl_0_axi_bram_ctrl |        201 |        201 |       0 |    0 |    471 |      0 |      0 |    0 |          0 |
|         gext_inst.abcv4_0_ext_inst                              |                                            chip_global_bram_ctrl_0_axi_bram_ctrl_top |        201 |        201 |       0 |    0 |    471 |      0 |      0 |    0 |          0 |
|           GEN_AXI4.I_FULL_AXI                                   |                                                     chip_global_bram_ctrl_0_full_axi |        201 |        201 |       0 |    0 |    471 |      0 |      0 |    0 |          0 |
|     util_ds_buf                                                 |                                                                   chip_util_ds_buf_0 |          0 |          0 |       0 |    0 |      0 |      0 |      0 |    0 |          0 |
|       U0                                                        |                                                       chip_util_ds_buf_0_util_ds_buf |          0 |          0 |       0 |    0 |      0 |      0 |      0 |    0 |          0 |
|     xdma_0                                                      |                                                                        chip_xdma_0_0 |      38028 |      34282 |    3729 |   17 |  41486 |     74 |      0 |    0 |          0 |
|       inst                                                      |                                                               chip_xdma_0_0_core_top |      38028 |      34282 |    3729 |   17 |  41486 |     74 |      0 |    0 |          0 |
|         (inst)                                                  |                                                               chip_xdma_0_0_core_top |          1 |          1 |       0 |    0 |      0 |      0 |      0 |    0 |          0 |
|         pcie4c_ip_i                                             |                                                              chip_xdma_0_0_pcie4c_ip |       2502 |       2487 |       0 |   15 |   7927 |     22 |      0 |    0 |          0 |
|           inst                                                  |                                       chip_xdma_0_0_pcie4c_ip_pcie4c_uscale_core_top |       2502 |       2487 |       0 |   15 |   7927 |     22 |      0 |    0 |          0 |
|         ram_top                                                 |                                              chip_xdma_0_0_xdma_v4_1_33_udma_ram_top |          4 |          4 |       0 |    0 |      1 |     46 |      0 |    0 |          0 |
|           C2H_PCIE_DSC_CPLD_RAM                                 |                      chip_xdma_0_0_xdma_v4_1_33_mem_simple_dport_ram__parameterized5 |          3 |          3 |       0 |    0 |      0 |      6 |      0 |    0 |          0 |
|           MASTER_READ_BRAM                                      |                       chip_xdma_0_0_xdma_v4_1_33_dma_xpm_sdpram_wrap__parameterized0 |          0 |          0 |       0 |    0 |      0 |      4 |      0 |    0 |          0 |
|           gen_c2h_bram.C2H_DAT0_FIFO                            |                            chip_xdma_0_0_xdma_v4_1_33_dma_xpm_sdpram_wrap__xdcDup__5 |          0 |          0 |       0 |    0 |      0 |      4 |      0 |    0 |          0 |
|           gen_c2h_bram.C2H_DAT1_FIFO                            |                            chip_xdma_0_0_xdma_v4_1_33_dma_xpm_sdpram_wrap__xdcDup__6 |          0 |          0 |       0 |    0 |      0 |      4 |      0 |    0 |          0 |
|           gen_c2h_bram.C2H_DAT2_FIFO                            |                            chip_xdma_0_0_xdma_v4_1_33_dma_xpm_sdpram_wrap__xdcDup__7 |          0 |          0 |       0 |    0 |      0 |      4 |      0 |    0 |          0 |
|           gen_c2h_bram.C2H_DAT3_FIFO                            |                                       chip_xdma_0_0_xdma_v4_1_33_dma_xpm_sdpram_wrap |          0 |          0 |       0 |    0 |      0 |      4 |      0 |    0 |          0 |
|           gen_h2c_bram.H2C_DAT0_FIFO                            |                            chip_xdma_0_0_xdma_v4_1_33_dma_xpm_sdpram_wrap__xdcDup__1 |          1 |          1 |       0 |    0 |      1 |      4 |      0 |    0 |          0 |
|           gen_h2c_bram.H2C_DAT1_FIFO                            |                            chip_xdma_0_0_xdma_v4_1_33_dma_xpm_sdpram_wrap__xdcDup__2 |          0 |          0 |       0 |    0 |      0 |      4 |      0 |    0 |          0 |
|           gen_h2c_bram.H2C_DAT2_FIFO                            |                            chip_xdma_0_0_xdma_v4_1_33_dma_xpm_sdpram_wrap__xdcDup__3 |          0 |          0 |       0 |    0 |      0 |      4 |      0 |    0 |          0 |
|           gen_h2c_bram.H2C_DAT3_FIFO                            |                            chip_xdma_0_0_xdma_v4_1_33_dma_xpm_sdpram_wrap__xdcDup__4 |          0 |          0 |       0 |    0 |      0 |      4 |      0 |    0 |          0 |
|           mas_bridge_ram_write_512.MASTER_WRITE_FIFO            |            chip_xdma_0_0_xdma_v4_1_33_dma_xpm_sdpram_wrap__parameterized0__xdcDup__1 |          0 |          0 |       0 |    0 |      0 |      4 |      0 |    0 |          0 |
|         udma_wrapper                                            |                                              chip_xdma_0_0_xdma_v4_1_33_udma_wrapper |      35521 |      31790 |    3729 |    2 |  33558 |      6 |      0 |    0 |          0 |
|           (udma_wrapper)                                        |                                              chip_xdma_0_0_xdma_v4_1_33_udma_wrapper |          0 |          0 |       0 |    0 |     33 |      0 |      0 |    0 |          0 |
|           dma_top                                               |                                                  chip_xdma_0_0_xdma_v4_1_33_udma_top |      35521 |      31790 |    3729 |    2 |  33525 |      6 |      0 |    0 |          0 |
|     xdma_inv                                                    |                                                                      chip_xdma_inv_0 |          0 |          0 |       0 |    0 |      0 |      0 |      0 |    0 |          0 |
+-----------------------------------------------------------------+--------------------------------------------------------------------------------------+------------+------------+---------+------+--------+--------+--------+------+------------+
* Note: The sum of lower-level cells may be larger than their parent cells total, due to cross-hierarchy LUT combining


